<?xml version="1.0" encoding="UTF-8"?>
<!-- Generated by org.testng.reporters.JUnitReportReporter -->
<testsuite hostname="Akash" failures="0" tests="3" name="TestNg1.Class1" time="0.010" errors="0" timestamp="2023-08-14T14:37:02 IST" skipped="0">
  <testcase classname="TestNg1.Class1" name="test2" time="0.001"/>
  <testcase classname="TestNg1.Class1" name="test3" time="0.002"/>
  <testcase classname="TestNg1.Class1" name="test1" time="0.007"/>
</testsuite> <!-- TestNg1.Class1 -->
