<?xml version="1.0" encoding="UTF-8"?>
<!-- Generated by org.testng.reporters.JUnitReportReporter -->
<testsuite hostname="Akash" failures="0" tests="3" name="TestNg1.Class2" time="0.014" errors="0" timestamp="2023-08-20T22:35:21 IST" skipped="0">
  <testcase classname="TestNg1.Class2" name="openApp" time="0.010"/>
  <testcase classname="TestNg1.Class2" name="close" time="0.002"/>
  <testcase classname="TestNg1.Class2" name="login" time="0.002"/>
</testsuite> <!-- TestNg1.Class2 -->
